*********************************************************************
* LD Score Regression (LDSC)
* Version 1.0.1
* (C) 2014-2019 Brendan Bulik-Sullivan and Hilary Finucane
* Broad Institute of MIT and Harvard / MIT Department of Mathematics
* GNU General Public License v3
*********************************************************************
Call: 
./ldsc.py \
--ref-ld-chr /homes/gzgeorge/ldsc/eur_w_ld_chr/ \
--out realoutexp \
--rg chrFULL_2021LDsnpsimu0.2Pmunge.sumstats.gz,chrFULL_2021LDsnpsimu0.5Pmunge.sumstats.gz \
--w-ld-chr /homes/gzgeorge/ldsc/eur_w_ld_chr/ 

Beginning analysis at Sat Apr 18 18:22:49 2020
Reading summary statistics from chrFULL_2021LDsnpsimu0.2Pmunge.sumstats.gz ...
Traceback (most recent call last):
  File "/homes/gzgeorge/ldsc/ldsc.py", line 644, in <module>
    sumstats.estimate_rg(args, log)
  File "/cluster/cnap_lab/gzgeorge/ldsc/ldscore/sumstats.py", line 405, in estimate_rg
    alleles=True, dropna=True)
  File "/cluster/cnap_lab/gzgeorge/ldsc/ldscore/sumstats.py", line 242, in _read_ld_sumstats
    sumstats = _read_sumstats(args, log, fh, alleles=alleles, dropna=dropna)
  File "/cluster/cnap_lab/gzgeorge/ldsc/ldscore/sumstats.py", line 163, in _read_sumstats
    sumstats = ps.sumstats(fh, alleles=alleles, dropna=dropna)
  File "/cluster/cnap_lab/gzgeorge/ldsc/ldscore/parse.py", line 79, in sumstats
    x = read_csv(fh, usecols=usecols, dtype=dtype_dict, compression=compression)
  File "/cluster/cnap_lab/gzgeorge/ldsc/ldscore/parse.py", line 20, in read_csv
    return pd.read_csv(fh, delim_whitespace=True, na_values='.', **kwargs)
  File "/homes/gzgeorge/miniconda3/envs/ldsc/lib/python2.7/site-packages/pandas/io/parsers.py", line 655, in parser_f
    return _read(filepath_or_buffer, kwds)
  File "/homes/gzgeorge/miniconda3/envs/ldsc/lib/python2.7/site-packages/pandas/io/parsers.py", line 405, in _read
    parser = TextFileReader(filepath_or_buffer, **kwds)
  File "/homes/gzgeorge/miniconda3/envs/ldsc/lib/python2.7/site-packages/pandas/io/parsers.py", line 764, in __init__
    self._make_engine(self.engine)
  File "/homes/gzgeorge/miniconda3/envs/ldsc/lib/python2.7/site-packages/pandas/io/parsers.py", line 985, in _make_engine
    self._engine = CParserWrapper(self.f, **self.options)
  File "/homes/gzgeorge/miniconda3/envs/ldsc/lib/python2.7/site-packages/pandas/io/parsers.py", line 1605, in __init__
    self._reader = parsers.TextReader(src, **kwds)
  File "pandas/_libs/parsers.pyx", line 394, in pandas._libs.parsers.TextReader.__cinit__ (pandas/_libs/parsers.c:4209)
  File "pandas/_libs/parsers.pyx", line 651, in pandas._libs.parsers.TextReader._setup_parser_source (pandas/_libs/parsers.c:7620)
  File "/homes/gzgeorge/miniconda3/envs/ldsc/lib/python2.7/gzip.py", line 94, in __init__
    fileobj = self.myfileobj = __builtin__.open(filename, mode or 'rb')
IOError: [Errno 2] No such file or directory: 'chrFULL_2021LDsnpsimu0.2Pmunge.sumstats.gz'

Analysis finished at Sat Apr 18 18:22:49 2020
Total time elapsed: 0.01s
